0 info it worked if it ends with ok
1 verbose cli [ '/Users/aksonov/.nvm/versions/node/v4.1.0/bin/node',
1 verbose cli   '/Users/aksonov/.nvm/versions/node/v4.1.0/bin/npm',
1 verbose cli   'i',
1 verbose cli   'react-native-switch' ]
2 info using npm@2.14.3
3 info using node@v4.1.0
4 verbose install initial load of /Users/aksonov/Documents/react-native-xmpp/package.json
5 verbose readDependencies loading dependencies from /Users/aksonov/Documents/react-native-xmpp/package.json
6 silly cache add args [ 'react-native-switch', null ]
7 verbose cache add spec react-native-switch
8 silly cache add parsed spec Result {
8 silly cache add   raw: 'react-native-switch',
8 silly cache add   scope: null,
8 silly cache add   name: 'react-native-switch',
8 silly cache add   rawSpec: '',
8 silly cache add   spec: '*',
8 silly cache add   type: 'range' }
9 silly addNamed react-native-switch@*
10 verbose addNamed "*" is a valid semver range for react-native-switch
11 silly addNameRange { name: 'react-native-switch', range: '*', hasData: false }
12 silly mapToRegistry name react-native-switch
13 silly mapToRegistry using default registry
14 silly mapToRegistry registry https://registry.npmjs.org/
15 silly mapToRegistry uri https://registry.npmjs.org/react-native-switch
16 verbose addNameRange registry:https://registry.npmjs.org/react-native-switch not in flight; fetching
17 verbose request uri https://registry.npmjs.org/react-native-switch
18 verbose request no auth needed
19 info attempt registry request try #1 at 2:51:25 PM
20 verbose request using bearer token for auth
21 verbose request id 905c7be558c2720b
22 http request GET https://registry.npmjs.org/react-native-switch
23 http 404 https://registry.npmjs.org/react-native-switch
24 verbose headers { 'content-type': 'application/json',
24 verbose headers   'cache-control': 'max-age=0',
24 verbose headers   'content-length': '2',
24 verbose headers   'accept-ranges': 'bytes',
24 verbose headers   date: 'Mon, 28 Sep 2015 12:51:26 GMT',
24 verbose headers   via: '1.1 varnish',
24 verbose headers   connection: 'keep-alive',
24 verbose headers   'x-served-by': 'cache-fra1241-FRA',
24 verbose headers   'x-cache': 'MISS',
24 verbose headers   'x-cache-hits': '0',
24 verbose headers   'x-timer': 'S1443444685.941892,VS0,VE180' }
25 silly get cb [ 404,
25 silly get   { 'content-type': 'application/json',
25 silly get     'cache-control': 'max-age=0',
25 silly get     'content-length': '2',
25 silly get     'accept-ranges': 'bytes',
25 silly get     date: 'Mon, 28 Sep 2015 12:51:26 GMT',
25 silly get     via: '1.1 varnish',
25 silly get     connection: 'keep-alive',
25 silly get     'x-served-by': 'cache-fra1241-FRA',
25 silly get     'x-cache': 'MISS',
25 silly get     'x-cache-hits': '0',
25 silly get     'x-timer': 'S1443444685.941892,VS0,VE180' } ]
26 verbose stack Error: Registry returned 404 for GET on https://registry.npmjs.org/react-native-switch
26 verbose stack     at makeError (/Users/aksonov/.nvm/versions/node/v4.1.0/lib/node_modules/npm/node_modules/npm-registry-client/lib/request.js:263:12)
26 verbose stack     at CachingRegistryClient.<anonymous> (/Users/aksonov/.nvm/versions/node/v4.1.0/lib/node_modules/npm/node_modules/npm-registry-client/lib/request.js:241:14)
26 verbose stack     at Request._callback (/Users/aksonov/.nvm/versions/node/v4.1.0/lib/node_modules/npm/node_modules/npm-registry-client/lib/request.js:171:14)
26 verbose stack     at Request.self.callback (/Users/aksonov/.nvm/versions/node/v4.1.0/lib/node_modules/npm/node_modules/request/request.js:198:22)
26 verbose stack     at emitTwo (events.js:87:13)
26 verbose stack     at Request.emit (events.js:172:7)
26 verbose stack     at Request.<anonymous> (/Users/aksonov/.nvm/versions/node/v4.1.0/lib/node_modules/npm/node_modules/request/request.js:1073:14)
26 verbose stack     at emitOne (events.js:82:20)
26 verbose stack     at Request.emit (events.js:169:7)
26 verbose stack     at IncomingMessage.<anonymous> (/Users/aksonov/.nvm/versions/node/v4.1.0/lib/node_modules/npm/node_modules/request/request.js:1019:12)
27 verbose statusCode 404
28 verbose pkgid react-native-switch
29 verbose cwd /Users/aksonov/Documents/react-native-xmpp
30 error Darwin 15.0.0
31 error argv "/Users/aksonov/.nvm/versions/node/v4.1.0/bin/node" "/Users/aksonov/.nvm/versions/node/v4.1.0/bin/npm" "i" "react-native-switch"
32 error node v4.1.0
33 error npm  v2.14.3
34 error code E404
35 error 404 Registry returned 404 for GET on https://registry.npmjs.org/react-native-switch
35 error 404
35 error 404 'react-native-switch' is not in the npm registry.
35 error 404 You should bug the author to publish it (or use the name yourself!)
35 error 404 It was specified as a dependency of 'react-native-xmpp'
35 error 404
35 error 404 Note that you can also install from a
35 error 404 tarball, folder, http url, or git url.
36 verbose exit [ 1, true ]
